%このファイルは日本語文字を含みます.
\BOOKMARK [0][-]{chapter.1}{\376\377\122\051\165\050\200\005\124\021\060\121\116\325\151\330\146\370}{}% 1
\BOOKMARK [1][-]{section.1.1}{\376\377\060\157\060\130\060\201\060\153}{chapter.1}% 2
\BOOKMARK [1][-]{section.1.2}{\376\377\060\267\060\271\060\306\060\340\060\170\060\156\060\242\060\257\060\273\060\271\145\271\154\325}{chapter.1}% 3
\BOOKMARK [1][-]{section.1.3}{\376\377\060\267\060\271\060\306\060\340\060\156\152\137\200\375\060\150\144\315\117\134\145\271\154\325}{chapter.1}% 4
\BOOKMARK [2][-]{subsection.1.3.1}{\376\377\170\024\172\166\133\244\140\305\130\061\060\156\116\000\211\247}{section.1.3}% 5
\BOOKMARK [3][-]{subsubsection.1.3.1.1}{\376\377\170\024\172\166\133\244\140\305\130\061\060\156\116\000\211\247\060\156\225\262\211\247}{subsection.1.3.1}% 6
\BOOKMARK [3][-]{subsubsection.1.3.1.2}{\376\377\170\024\172\166\133\244\140\305\130\061\060\156\175\350\226\306\060\150\122\112\226\144}{subsection.1.3.1}% 7
\BOOKMARK [2][-]{subsection.1.3.2}{\376\377\170\024\172\166\133\244\140\305\130\061\060\156\217\375\122\240}{section.1.3}% 8
\BOOKMARK [1][-]{section.1.4}{\376\377\060\135\060\156\116\326}{chapter.1}% 9
\BOOKMARK [0][-]{chapter.2}{\376\377\173\241\164\006\200\005\124\021\060\121\116\325\151\330\146\370}{}% 10
\BOOKMARK [1][-]{section.2.1}{\376\377\060\157\060\130\060\201\060\153}{chapter.2}% 11
\BOOKMARK [1][-]{section.2.2}{\376\377\060\267\060\271\060\306\060\340\060\156\122\325\117\134\164\260\130\203}{chapter.2}% 12
\BOOKMARK [1][-]{section.2.3}{\376\377\060\267\060\271\060\306\060\340\060\156\134\016\121\145\142\113\230\006}{chapter.2}% 13
\BOOKMARK [2][-]{subsection.2.3.1}{\376\377\060\275\060\374\060\271\060\263\060\374\060\311\060\156\121\145\142\113}{section.2.3}% 14
\BOOKMARK [2][-]{subsection.2.3.2}{\376\377\117\177\165\050\060\321\060\303\060\261\060\374\060\270\060\156\060\244\060\363\060\271\060\310\060\374\060\353}{section.2.3}% 15
\BOOKMARK [1][-]{section.2.4}{\376\377\060\267\060\271\060\306\060\340\060\156\215\167\122\325\060\150\120\134\153\142}{chapter.2}% 16
\BOOKMARK [2][-]{subsection.2.4.1}{\376\377\215\167\122\325\145\271\154\325}{section.2.4}% 17
\BOOKMARK [2][-]{subsection.2.4.2}{\376\377\122\325\117\134\170\272\212\215}{section.2.4}% 18
\BOOKMARK [2][-]{subsection.2.4.3}{\376\377\120\134\153\142\145\271\154\325}{section.2.4}% 19
\BOOKMARK [1][-]{section.2.5}{\376\377\220\113\165\050\060\373\173\241\164\006\116\012\060\156\154\350\141\017\160\271}{chapter.2}% 20
\BOOKMARK [2][-]{subsection.2.5.1}{\376\377\060\307\060\374\060\277\060\156\117\335\133\130\060\153\060\144\060\104\060\146}{section.2.5}% 21
\BOOKMARK [2][-]{subsection.2.5.2}{\376\377\060\335\060\374\060\310\165\152\123\367\060\156\172\366\124\010\060\153\060\144\060\104\060\146}{section.2.5}% 22
\BOOKMARK [2][-]{subsection.2.5.3}{\376\377\060\355\060\260\060\156\170\272\212\215}{section.2.5}% 23
\BOOKMARK [0][-]{chapter.3}{\376\377\123\103\204\111\135\345\151\155\131\047\133\146\060\156\124\004\133\146\171\321\060\156\120\117\135\356\120\044\116\000\211\247\060\267\060\271\060\306\060\340\060\156\225\213\166\172\200\005\124\021\060\121\116\325\151\330\146\370}{}% 24
\BOOKMARK [1][-]{section.3.1}{\376\377\060\307\060\374\060\277\151\313\220\040}{chapter.3}% 25
\BOOKMARK [2][-]{subsection.3.1.1}{\376\377\131\011\145\160\133\232\177\251}{section.3.1}% 26
\BOOKMARK [2][-]{subsection.3.1.2}{\376\377\060\252\060\326\060\270\060\247\060\257\060\310\060\156\151\313\220\040}{section.3.1}% 27
\BOOKMARK [1][-]{section.3.2}{\376\377\000H\000T\000T\000P\060\341\060\275\060\303\060\311\060\150\060\352\060\275\060\374\060\271\124\015}{chapter.3}% 28
\BOOKMARK [1][-]{section.3.3}{\376\377\060\332\060\374\060\270\220\167\171\373}{chapter.3}% 29
\BOOKMARK [1][-]{section.3.4}{\376\377\152\137\200\375\212\163\175\060\060\150\133\237\210\305\116\012\060\156\154\350\141\017\160\271}{chapter.3}% 30
\BOOKMARK [2][-]{subsection.3.4.1}{\376\377\145\260\211\217\060\307\060\374\060\277\217\375\122\240\152\137\200\375\377\010\000C\000r\000e\000a\000t\000e\377\011}{section.3.4}% 31
\BOOKMARK [2][-]{subsection.3.4.2}{\376\377\116\000\211\247\210\150\171\072\152\137\200\375\377\010\000R\000e\000a\000d\377\011}{section.3.4}% 32
\BOOKMARK [2][-]{subsection.3.4.3}{\376\377\146\364\145\260\152\137\200\375\377\010\000U\000p\000d\000a\000t\000e\377\011}{section.3.4}% 33
\BOOKMARK [2][-]{subsection.3.4.4}{\376\377\122\112\226\144\152\137\200\375\377\010\000D\000e\000l\000e\000t\000e\377\011}{section.3.4}% 34
\BOOKMARK [0][-]{chapter.4}{\376\377\123\103\204\111\135\345\151\155\131\047\133\146\140\305\130\061\131\011\227\151\171\321\133\146\220\350\140\305\130\061\135\345\133\146\171\321\0001\136\164\153\041\060\156\143\210\151\155\116\000\211\247\060\267\060\271\060\306\060\340\060\156\225\213\166\172\200\005\124\021\060\121\116\325\151\330\146\370}{}% 35
\BOOKMARK [1][-]{section.4.1}{\376\377\060\307\060\374\060\277\151\313\220\040}{chapter.4}% 36
\BOOKMARK [2][-]{subsection.4.1.1}{\376\377\131\011\145\160\133\232\177\251}{section.4.1}% 37
\BOOKMARK [2][-]{subsection.4.1.2}{\376\377\060\252\060\326\060\270\060\247\060\257\060\310\060\156\151\313\220\040}{section.4.1}% 38
\BOOKMARK [1][-]{section.4.2}{\376\377\000H\000T\000T\000P\060\341\060\275\060\303\060\311\060\150\060\352\060\275\060\374\060\271\124\015}{chapter.4}% 39
\BOOKMARK [1][-]{section.4.3}{\376\377\060\332\060\374\060\270\220\167\171\373}{chapter.4}% 40
\BOOKMARK [1][-]{section.4.4}{\376\377\152\137\200\375\212\163\175\060\060\150\133\237\210\305\116\012\060\156\154\350\141\017\160\271}{chapter.4}% 41
\BOOKMARK [2][-]{subsection.4.4.1}{\376\377\145\260\211\217\060\307\060\374\060\277\217\375\122\240\152\137\200\375\377\010\000C\000r\000e\000a\000t\000e\377\011}{section.4.4}% 42
\BOOKMARK [2][-]{subsection.4.4.2}{\376\377\116\000\211\247\210\150\171\072\152\137\200\375\377\010\000R\000e\000a\000d\377\011}{section.4.4}% 43
\BOOKMARK [2][-]{subsection.4.4.3}{\376\377\146\364\145\260\152\137\200\375\377\010\000U\000p\000d\000a\000t\000e\377\011}{section.4.4}% 44
\BOOKMARK [2][-]{subsection.4.4.4}{\376\377\122\112\226\144\152\137\200\375\377\010\000D\000e\000l\000e\000t\000e\377\011}{section.4.4}% 45
\BOOKMARK [0][-]{chapter.5}{\376\377\123\103\204\111\135\345\151\155\131\047\133\146\140\305\130\061\131\011\227\151\171\321\133\146\220\350\140\305\130\061\135\345\133\146\171\321\060\156\170\024\172\166\133\244\116\000\211\247\060\267\060\271\060\306\060\340\060\156\225\213\166\172\200\005\124\021\060\121\116\325\151\330\146\370}{}% 46
\BOOKMARK [1][-]{section.5.1}{\376\377\060\307\060\374\060\277\151\313\220\040}{chapter.5}% 47
\BOOKMARK [2][-]{subsection.5.1.1}{\376\377\131\011\145\160\133\232\177\251}{section.5.1}% 48
\BOOKMARK [2][-]{subsection.5.1.2}{\376\377\060\252\060\326\060\270\060\247\060\257\060\310\060\156\151\313\220\040}{section.5.1}% 49
\BOOKMARK [1][-]{section.5.2}{\376\377\000H\000T\000T\000P\060\341\060\275\060\303\060\311\060\150\060\352\060\275\060\374\060\271\124\015}{chapter.5}% 50
\BOOKMARK [1][-]{section.5.3}{\376\377\060\332\060\374\060\270\220\167\171\373}{chapter.5}% 51
\BOOKMARK [1][-]{section.5.4}{\376\377\152\137\200\375\212\163\175\060\060\150\133\237\210\305\116\012\060\156\154\350\141\017\160\271}{chapter.5}% 52
\BOOKMARK [2][-]{subsection.5.4.1}{\376\377\145\260\211\217\060\307\060\374\060\277\217\375\122\240\152\137\200\375\377\010\000C\000r\000e\000a\000t\000e\377\011}{section.5.4}% 53
\BOOKMARK [2][-]{subsection.5.4.2}{\376\377\116\000\211\247\210\150\171\072\152\137\200\375\377\010\000R\000e\000a\000d\377\011}{section.5.4}% 54
\BOOKMARK [2][-]{subsection.5.4.3}{\376\377\146\364\145\260\152\137\200\375\377\010\000U\000p\000d\000a\000t\000e\377\011}{section.5.4}% 55
\BOOKMARK [2][-]{subsection.5.4.4}{\376\377\122\112\226\144\152\137\200\375\377\010\000D\000e\000l\000e\000t\000e\377\011}{section.5.4}% 56
