This is e-upTeX, Version 3.141592653-p4.1.2-u2.00-250202-2.6 (utf8.euc) (TeX Live 2025) (preloaded format=platex 2025.4.24)  28 DEC 2025 21:12
entering extended mode
 restricted \write18 enabled.
 file:line:error style messages enabled.
 %&-line parsing enabled.
**/Users/kanegn/Desktop/webpro/webpro_report/report/main.tex
(/Users/kanegn/Desktop/webpro/webpro_report/report/main.tex
pLaTeX2e <2023-02-14>+1, based on
LaTeX2e <2024-11-01> patch level 2
L3 programming layer <2025-03-26>
(./jex.cls
Document Class: jex 2003/6/02 SABA, CS_Experiment class
\c@@paper=\count196
(/usr/local/texlive/2025/texmf-dist/tex/platex/base/jbk12.clo
File: jbk12.clo 2020/09/30 v1.8f Standard pLaTeX file (size option)
)
\c@part=\count197
\c@chapter=\count198
\c@section=\count199
\c@subsection=\count266
\c@subsubsection=\count267
\c@paragraph=\count268
\c@subparagraph=\count269
\c@figure=\count270
\c@table=\count271
\abovecaptionskip=\skip49
\belowcaptionskip=\skip50
\symmincho=\mathgroup4
LaTeX Font Info:    Overwriting symbol font `mincho' in version `bold'
(Font)                  JY1/mc/m/n --> JY1/gt/m/n on input line 706.
\toclineskip=\dimen162
\@lnumwidth=\dimen163
\bibindent=\dimen164
\heisei=\count272
) (/usr/local/texlive/2025/texmf-dist/tex/latex/graphics/graphicx.sty
Package: graphicx 2021/09/16 v1.2d Enhanced LaTeX Graphics (DPC,SPQR)
 (/usr/local/texlive/2025/texmf-dist/tex/latex/graphics/keyval.sty
Package: keyval 2022/05/29 v1.15 key=value parser (DPC)
\KV@toks@=\toks18
) (/usr/local/texlive/2025/texmf-dist/tex/latex/graphics/graphics.sty
Package: graphics 2024/08/06 v1.4g Standard LaTeX Graphics (DPC,SPQR)
 (/usr/local/texlive/2025/texmf-dist/tex/latex/graphics/trig.sty
Package: trig 2023/12/02 v1.11 sin cos tan (DPC)
) (/usr/local/texlive/2025/texmf-dist/tex/latex/graphics-cfg/graphics.cfg
File: graphics.cfg 2016/06/04 v1.11 sample graphics configuration
)
Package graphics Info: Driver file: dvipdfmx.def on input line 106.
 (/usr/local/texlive/2025/texmf-dist/tex/latex/graphics-def/dvipdfmx.def
File: dvipdfmx.def 2022/09/22 v5.0m Graphics/color driver for dvipdfmx
))
\Gin@req@height=\dimen165
\Gin@req@width=\dimen166
) (/usr/local/texlive/2025/texmf-dist/tex/latex/xcolor/xcolor.sty
Package: xcolor 2024/09/29 v3.02 LaTeX color extensions (UK)
 (/usr/local/texlive/2025/texmf-dist/tex/latex/graphics-cfg/color.cfg
File: color.cfg 2016/01/02 v1.6 sample color configuration
)
Package xcolor Info: Driver file: dvipdfmx.def on input line 274.
 (/usr/local/texlive/2025/texmf-dist/tex/latex/graphics/mathcolor.ltx)
Package xcolor Info: Model `cmy' substituted by `cmy0' on input line 1349.
Package xcolor Info: Model `RGB' extended on input line 1365.
Package xcolor Info: Model `HTML' substituted by `rgb' on input line 1367.
Package xcolor Info: Model `Hsb' substituted by `hsb' on input line 1368.
Package xcolor Info: Model `tHsb' substituted by `hsb' on input line 1369.
Package xcolor Info: Model `HSB' substituted by `hsb' on input line 1370.
Package xcolor Info: Model `Gray' substituted by `gray' on input line 1371.
Package xcolor Info: Model `wave' substituted by `hsb' on input line 1372.
) (/usr/local/texlive/2025/texmf-dist/tex/latex/amsmath/amsmath.sty
Package: amsmath 2024/11/05 v2.17t AMS math features
\@mathmargin=\skip51

For additional information on amsmath, use the `?' option.
(/usr/local/texlive/2025/texmf-dist/tex/latex/amsmath/amstext.sty
Package: amstext 2021/08/26 v2.01 AMS text
 (/usr/local/texlive/2025/texmf-dist/tex/latex/amsmath/amsgen.sty
File: amsgen.sty 1999/11/30 v2.0 generic functions
\@emptytoks=\toks19
\ex@=\dimen167
)) (/usr/local/texlive/2025/texmf-dist/tex/latex/amsmath/amsbsy.sty
Package: amsbsy 1999/11/29 v1.2d Bold Symbols
\pmbraise@=\dimen168
) (/usr/local/texlive/2025/texmf-dist/tex/latex/amsmath/amsopn.sty
Package: amsopn 2022/04/08 v2.04 operator names
)
\inf@bad=\count273
LaTeX Info: Redefining \frac on input line 233.
\uproot@=\count274
\leftroot@=\count275
LaTeX Info: Redefining \overline on input line 398.
LaTeX Info: Redefining \colon on input line 409.
\classnum@=\count276
\DOTSCASE@=\count277
LaTeX Info: Redefining \ldots on input line 495.
LaTeX Info: Redefining \dots on input line 498.
LaTeX Info: Redefining \cdots on input line 619.
\Mathstrutbox@=\box70
\strutbox@=\box71
LaTeX Info: Redefining \big on input line 721.
LaTeX Info: Redefining \Big on input line 722.
LaTeX Info: Redefining \bigg on input line 723.
LaTeX Info: Redefining \Bigg on input line 724.
\big@size=\dimen169
LaTeX Font Info:    Redeclaring font encoding OML on input line 742.
LaTeX Font Info:    Redeclaring font encoding OMS on input line 743.
\macc@depth=\count278
LaTeX Info: Redefining \bmod on input line 904.
LaTeX Info: Redefining \pmod on input line 909.
LaTeX Info: Redefining \smash on input line 939.
LaTeX Info: Redefining \relbar on input line 969.
LaTeX Info: Redefining \Relbar on input line 970.
\c@MaxMatrixCols=\count279
\dotsspace@=\muskip17
\c@parentequation=\count280
\dspbrk@lvl=\count281
\tag@help=\toks20
\row@=\count282
\column@=\count283
\maxfields@=\count284
\andhelp@=\toks21
\eqnshift@=\dimen170
\alignsep@=\dimen171
\tagshift@=\dimen172
\tagwidth@=\dimen173
\totwidth@=\dimen174
\lineht@=\dimen175
\@envbody=\toks22
\multlinegap=\skip52
\multlinetaggap=\skip53
\mathdisplay@stack=\toks23
LaTeX Info: Redefining \[ on input line 2953.
LaTeX Info: Redefining \] on input line 2954.
) (/usr/local/texlive/2025/texmf-dist/tex/platex/japanese-otf/otf.sty
Package: otf 2025/02/18 TeX JP org, v1.7b8 psitau, u0.31 ttk
Package otf Info: Autodetected engine: pLaTeX on input line 66.
LaTeX Font Info:    Redeclaring symbol font `mincho' on input line 345.
LaTeX Font Info:    Overwriting symbol font `mincho' in version `normal'
(Font)                  JY1/mc/m/n --> JY1/hmc/m/n on input line 345.
LaTeX Font Info:    Overwriting symbol font `mincho' in version `bold'
(Font)                  JY1/gt/m/n --> JY1/hmc/m/n on input line 345.
LaTeX Font Info:    Overwriting symbol font `mincho' in version `bold'
(Font)                  JY1/hmc/m/n --> JY1/hmc/bx/n on input line 347.
LaTeX Font Info:    Redeclaring math alphabet \mathgt on input line 348.
LaTeX Font Info:    Overwriting math alphabet `\mathgt' in version `normal'
(Font)                  JY1/gt/m/n --> JY1/hgt/m/n on input line 348.
LaTeX Font Info:    Overwriting math alphabet `\mathgt' in version `bold'
(Font)                  JY1/gt/m/n --> JY1/hgt/m/n on input line 348.
LaTeX Font Info:    Overwriting math alphabet `\mathgt' in version `bold'
(Font)                  JY1/hgt/m/n --> JY1/hgt/bx/n on input line 349.
 (/usr/local/texlive/2025/texmf-dist/tex/platex/japanese-otf/ajmacros.sty
Package: ajmacros 2019/04/01 21:00 iNOUE Koich! <inoue@ma.ns.musashi-tech.ac.jp>
\@tempcntc=\count285
\@tempcntd=\count286
\@tempcnte=\count287
\@tempcntf=\count288
)) (/usr/local/texlive/2025/texmf-dist/tex/latex/booktabs/booktabs.sty
Package: booktabs 2020/01/12 v1.61803398 Publication quality tables
\heavyrulewidth=\dimen176
\lightrulewidth=\dimen177
\cmidrulewidth=\dimen178
\belowrulesep=\dimen179
\belowbottomsep=\dimen180
\aboverulesep=\dimen181
\abovetopsep=\dimen182
\cmidrulesep=\dimen183
\cmidrulekern=\dimen184
\defaultaddspace=\dimen185
\@cmidla=\count289
\@cmidlb=\count290
\@aboverulesep=\dimen186
\@belowrulesep=\dimen187
\@thisruleclass=\count291
\@lastruleclass=\count292
\@thisrulewidth=\dimen188
) (/usr/local/texlive/2025/texmf-dist/tex/latex/ascmac/ascmac.sty
Package: ascmac 2020/01/15 v2.1 ascmac wrapper (community edition) 
 (/usr/local/texlive/2025/texmf-dist/tex/latex/ascmac/tascmac.sty
Package: tascmac 2020/01/15 v2.1 ascmac package (community edition) 
\@savetbaselineshift=\dimen189
\@saveybaselineshift=\dimen190
\scb@x=\box72
\scscb@x=\box73
\@bw=\dimen191
\@nbox=\box74
\@nbody=\box75
\@scw=\dimen192
\ascmac@hoboxa=\box76
\ascmac@hoboxb=\box77
\@itemh=\dimen193
\@iboxpos=\toks24
\@iboxstr=\box78
\@bwsp=\box79
\@@bwsp=\box80
\@bcal=\count293
\shaderule=\dimen194
)) (/usr/local/texlive/2025/texmf-dist/tex/latex/amsfonts/amssymb.sty
Package: amssymb 2013/01/14 v3.01 AMS font symbols
 (/usr/local/texlive/2025/texmf-dist/tex/latex/amsfonts/amsfonts.sty
Package: amsfonts 2013/01/14 v3.01 Basic AMSFonts support
\symAMSa=\mathgroup5
\symAMSb=\mathgroup6
LaTeX Font Info:    Redeclaring math symbol \hbar on input line 98.
LaTeX Font Info:    Overwriting math alphabet `\mathfrak' in version `bold'
(Font)                  U/euf/m/n --> U/euf/b/n on input line 106.
)) (/usr/local/texlive/2025/texmf-dist/tex/latex/caption/caption.sty
Package: caption 2023/08/05 v3.6o Customizing captions (AR)
 (/usr/local/texlive/2025/texmf-dist/tex/latex/caption/caption3.sty
Package: caption3 2023/07/31 v2.4d caption3 kernel (AR)
\caption@tempdima=\dimen195
\captionmargin=\dimen196
\caption@leftmargin=\dimen197
\caption@rightmargin=\dimen198
\caption@width=\dimen199
\caption@indent=\dimen256
\caption@parindent=\dimen257
\caption@hangindent=\dimen258
Package caption Info: Unknown document class (or package),
(caption)             standard defaults will be used.
Package caption Info: \@makecaption = \long macro:#1#2->\vskip \abovecaptionskip \iftdir \sbox \@tempboxa {#1\hskip 1zw#2}\else \sbox \@tempboxa {#1　#2}\fi \ifdim \wd \@tempboxa >\hsize \iftdir #1\hskip 1zw#2\relax \par \else #1: #2\relax \par \fi \else \global \@minipagefalse \hbox to\hsize {\hfil \box \@tempboxa \hfil }\fi \vskip \belowcaptionskip  on input line 1175.
)

Package caption Warning: Unknown document class (or package),
(caption)                standard defaults will be used.
See the caption package documentation for explanation.

\c@caption@flags=\count294
\c@continuedfloat=\count295
) (/usr/local/texlive/2025/texmf-dist/tex/latex/colortbl/colortbl.sty
Package: colortbl 2024/07/06 v1.0i Color table columns (DPC)
 (/usr/local/texlive/2025/texmf-dist/tex/latex/tools/array.sty
Package: array 2024/10/17 v2.6g Tabular extension package (FMi)
\col@sep=\dimen259
\ar@mcellbox=\box81
\extrarowheight=\dimen260
\NC@list=\toks25
\extratabsurround=\skip54
\backup@length=\skip55
\ar@cellbox=\box82
)
\everycr=\toks26
\minrowclearance=\skip56
\rownum=\count296
) (/usr/local/texlive/2025/texmf-dist/tex/latex/float/float.sty
Package: float 2001/11/08 v1.3d Float enhancements (AL)
\c@float@type=\count297
\float@exts=\toks27
\float@box=\box83
\@float@everytoks=\toks28
\@floatcapt=\box84
) (/usr/local/texlive/2025/texmf-dist/tex/latex/base/textcomp.sty
Package: textcomp 2024/04/24 v2.1b Standard LaTeX package
) (/usr/local/texlive/2025/texmf-dist/tex/latex/url/url.sty
\Urlmuskip=\muskip18
Package: url 2013/09/16  ver 3.4  Verb mode for urls, etc.
) (/usr/local/texlive/2025/texmf-dist/tex/latex/multirow/multirow.sty
Package: multirow 2024/11/12 v2.9 Span multiple rows of a table
\multirow@colwidth=\skip57
\multirow@cntb=\count298
\multirow@dima=\skip58
\bigstrutjot=\dimen261
) (/usr/local/texlive/2025/texmf-dist/tex/latex/tools/multicol.sty
Package: multicol 2024/09/14 v1.9i multicolumn formatting (FMi)
\c@tracingmulticols=\count299
\mult@box=\box85
\multicol@leftmargin=\dimen262
\c@unbalance=\count300
\c@collectmore=\count301
\doublecol@number=\count302
\multicoltolerance=\count303
\multicolpretolerance=\count304
\full@width=\dimen263
\page@free=\dimen264
\premulticols=\dimen265
\postmulticols=\dimen266
\multicolsep=\skip59
\multicolbaselineskip=\skip60
\partial@page=\box86
\last@line=\box87
\mc@boxedresult=\box88
\maxbalancingoverflow=\dimen267
\mult@rightbox=\box89
\mult@grightbox=\box90
\mult@firstbox=\box91
\mult@gfirstbox=\box92
\@tempa=\box93
\@tempa=\box94
\@tempa=\box95
\@tempa=\box96
\@tempa=\box97
\@tempa=\box98
\@tempa=\box99
\@tempa=\box100
\@tempa=\box101
\@tempa=\box102
\@tempa=\box103
\@tempa=\box104
\@tempa=\box105
\@tempa=\box106
\@tempa=\box107
\@tempa=\box108
\@tempa=\box109
\@tempa=\box110
\@tempa=\box111
\@tempa=\box112
\@tempa=\box113
\@tempa=\box114
\@tempa=\box115
\@tempa=\box116
\@tempa=\box117
\@tempa=\box118
\@tempa=\box119
\@tempa=\box120
\@tempa=\box121
\@tempa=\box122
\@tempa=\box123
\@tempa=\box124
\@tempa=\box125
\@tempa=\box126
\@tempa=\box127
\@tempa=\box128
\c@minrows=\count305
\c@columnbadness=\count306
\c@finalcolumnbadness=\count307
\last@try=\dimen268
\multicolovershoot=\dimen269
\multicolundershoot=\dimen270
\mult@nat@firstbox=\box129
\colbreak@box=\box130
\mc@col@check@num=\count308
) (/usr/local/texlive/2025/texmf-dist/tex/latex/wrapfig/wrapfig.sty
\wrapoverhang=\dimen271
\WF@size=\dimen272
\c@WF@wrappedlines=\count309
\WF@box=\box131
\WF@everypar=\toks29
Package: wrapfig 2003/01/31  v 3.6
) (/usr/local/texlive/2025/texmf-dist/tex/latex/listings/listings.sty
\lst@mode=\count310
\lst@gtempboxa=\box132
\lst@token=\toks30
\lst@length=\count311
\lst@currlwidth=\dimen273
\lst@column=\count312
\lst@pos=\count313
\lst@lostspace=\dimen274
\lst@width=\dimen275
\lst@newlines=\count314
\lst@lineno=\count315
\lst@maxwidth=\dimen276
 (/usr/local/texlive/2025/texmf-dist/tex/latex/listings/lstpatch.sty
File: lstpatch.sty 2024/09/23 1.10c (Carsten Heinz)
) (/usr/local/texlive/2025/texmf-dist/tex/latex/listings/lstmisc.sty
File: lstmisc.sty 2024/09/23 1.10c (Carsten Heinz)
\c@lstnumber=\count316
\lst@skipnumbers=\count317
\lst@framebox=\box133
) (/usr/local/texlive/2025/texmf-dist/tex/latex/listings/listings.cfg
File: listings.cfg 2024/09/23 1.10c listings configuration
))
Package: listings 2024/09/23 1.10c (Carsten Heinz)
 (/usr/local/texlive/2025/texmf-dist/tex/latex/jvlisting/jvlisting.sty
Package: jvlisting 2011/11/17 v0.7 Formatted Program Listings
\jvl@idt=\count318
\jvl@tmphyphenchar=\count319
\jvl@fileinput=\read2
\listingskipamount=\skip61
\listingindent=\dimen277
\prelistingpenalty=\count320
\listingpenalty=\count321
\postlistingpenalty=\count322
) (/usr/local/texlive/2025/texmf-dist/tex/latex/tools/tabularx.sty
Package: tabularx 2023/12/11 v2.12a `tabularx' package (DPC)
\TX@col@width=\dimen278
\TX@old@table=\dimen279
\TX@old@col=\dimen280
\TX@target=\dimen281
\TX@delta=\dimen282
\TX@cols=\count323
\TX@ftn=\toks31
)
LaTeX Font Info:    Font shape `JT1/hmc/m/n' will be
(Font)              scaled to size 11.54663pt on input line 74.
LaTeX Font Info:    Font shape `JY1/hmc/m/n' will be
(Font)              scaled to size 11.54663pt on input line 74.
 (/usr/local/texlive/2025/texmf-dist/tex/latex/l3backend/l3backend-dvips.def
File: l3backend-dvips.def 2025-03-14 L3 backend support: dvips
\l__pdfannot_backend_content_box=\box134
\l__pdfannot_backend_model_box=\box135
\g__pdfannot_backend_int=\count324
\g__pdfannot_backend_link_int=\count325
\g__pdfannot_backend_link_sf_int=\count326
) (./main.aux)
\openout1 = `main.aux'.

LaTeX Font Info:    Checking defaults for OML/cmm/m/it on input line 74.
LaTeX Font Info:    ... okay on input line 74.
LaTeX Font Info:    Checking defaults for OMS/cmsy/m/n on input line 74.
LaTeX Font Info:    ... okay on input line 74.
LaTeX Font Info:    Checking defaults for OT1/cmr/m/n on input line 74.
LaTeX Font Info:    ... okay on input line 74.
LaTeX Font Info:    Checking defaults for T1/cmr/m/n on input line 74.
LaTeX Font Info:    ... okay on input line 74.
LaTeX Font Info:    Checking defaults for TS1/cmr/m/n on input line 74.
LaTeX Font Info:    ... okay on input line 74.
LaTeX Font Info:    Checking defaults for OMX/cmex/m/n on input line 74.
LaTeX Font Info:    ... okay on input line 74.
LaTeX Font Info:    Checking defaults for U/cmr/m/n on input line 74.
LaTeX Font Info:    ... okay on input line 74.
LaTeX Font Info:    Checking defaults for JY1/mc/m/n on input line 74.
LaTeX Font Info:    ... okay on input line 74.
LaTeX Font Info:    Checking defaults for JT1/mc/m/n on input line 74.
LaTeX Font Info:    ... okay on input line 74.
Package caption Info: Begin \AtBeginDocument code.
Package caption Info: float package is loaded.
Package caption Info: listings package is loaded.
Package caption Info: wrapfig package is loaded.
Package caption Info: End \AtBeginDocument code.
\c@lstlisting=\count327
LaTeX Font Info:    Font shape `JT1/hmc/m/n' will be
(Font)              scaled to size 23.94002pt on input line 75.
LaTeX Font Info:    Font shape `JY1/hmc/m/n' will be
(Font)              scaled to size 23.94002pt on input line 75.
LaTeX Font Info:    Font shape `JT1/hmc/bx/n' will be
(Font)              scaled to size 23.94002pt on input line 75.
LaTeX Font Info:    Font shape `JY1/hmc/bx/n' will be
(Font)              scaled to size 23.94002pt on input line 75.
LaTeX Font Info:    Font shape `JY1/hmc/m/n' will be
(Font)              scaled to size 7.69775pt on input line 75.
LaTeX Font Info:    Font shape `JY1/hmc/m/n' will be
(Font)              scaled to size 5.77332pt on input line 75.
LaTeX Font Info:    Trying to load font information for U+msa on input line 75.
 (/usr/local/texlive/2025/texmf-dist/tex/latex/amsfonts/umsa.fd
File: umsa.fd 2013/01/14 v3.01 AMS symbols A
)
LaTeX Font Info:    Trying to load font information for U+msb on input line 75.
 (/usr/local/texlive/2025/texmf-dist/tex/latex/amsfonts/umsb.fd
File: umsb.fd 2013/01/14 v3.01 AMS symbols B
)
LaTeX Font Info:    Font shape `JT1/hmc/m/n' will be
(Font)              scaled to size 16.62714pt on input line 75.
LaTeX Font Info:    Font shape `JY1/hmc/m/n' will be
(Font)              scaled to size 16.62714pt on input line 75.
LaTeX Font Info:    Font shape `JY1/hmc/m/n' will be
(Font)              scaled to size 9.6222pt on input line 75.
LaTeX Font Info:    Font shape `JT1/hmc/m/n' will be
(Font)              scaled to size 13.85594pt on input line 75.
LaTeX Font Info:    Font shape `JY1/hmc/m/n' will be
(Font)              scaled to size 13.85594pt on input line 75.
LaTeX Font Info:    Font shape `JT1/hmc/bx/n' will be
(Font)              scaled to size 13.85594pt on input line 75.
LaTeX Font Info:    Font shape `JY1/hmc/bx/n' will be
(Font)              scaled to size 13.85594pt on input line 75.
LaTeX Font Info:    Font shape `JT1/hmc/bx/n' will be
(Font)              scaled to size 16.62714pt on input line 75.
LaTeX Font Info:    Font shape `JY1/hmc/bx/n' will be
(Font)              scaled to size 16.62714pt on input line 75.


[1


] (./user.tex

[1]
 1 .


[2

]
File: fig/user/chrome.png Graphic file (type bmp)
<fig/user/chrome.png>
LaTeX Font Info:    Font shape `JT1/hgt/m/n' will be
(Font)              scaled to size 11.54663pt on input line 17.
LaTeX Font Info:    Font shape `JY1/hgt/m/n' will be
(Font)              scaled to size 11.54663pt on input line 17.
LaTeX Font Info:    Font shape `JT1/hmc/bx/n' will be
(Font)              scaled to size 11.54663pt on input line 21.
LaTeX Font Info:    Font shape `JY1/hmc/bx/n' will be
(Font)              scaled to size 11.54663pt on input line 21.


LaTeX Warning: Reference `adressbar' on page 3 undefined on input line 21.

File: fig/user/adressbar.png Graphic file (type bmp)
<fig/user/adressbar.png>


LaTeX Font Info:    Font shape `JT1/hmc/m/n' will be
(Font)              scaled to size 10.53629pt on input line 35.
LaTeX Font Info:    Font shape `JY1/hmc/m/n' will be
(Font)              scaled to size 10.53629pt on input line 35.
LaTeX Font Info:    Font shape `JT1/hmc/bx/n' will be
(Font)              scaled to size 10.53629pt on input line 35.
LaTeX Font Info:    Font shape `JY1/hmc/bx/n' will be
(Font)              scaled to size 10.53629pt on input line 35.
[3]
File: fig/user/kenkyu_top.png Graphic file (type bmp)
<fig/user/kenkyu_top.png>
File: fig/user/kenkyu_detail.png Graphic file (type bmp)
<fig/user/kenkyu_detail.png>


[4]
File: fig/user/kenkyu_edit.png Graphic file (type bmp)
<fig/user/kenkyu_edit.png>


[5]
File: fig/user/kenkyu_add.png Graphic file (type bmp)
<fig/user/kenkyu_add.png>


[6]

[7]) (./owner.tex

[8]
 2 .


[9

]

[10]

[11]) (./developer_hensachi.tex

[12]
 3 .


[13

]
Underfull \hbox (badness 1253) in paragraph at lines 44--44
[]|\JY1/hmc/m/n/10.95 デ ータ一覧画面
 []


Underfull \hbox (badness 10000) in paragraph at lines 44--44
[]|\JY1/hmc/m/n/10.95 指定 \OT1/cmr/m/n/10.95 ID \JY1/hmc/m/n/10.95 の詳
 []


Underfull \hbox (badness 10000) in paragraph at lines 44--44
\JY1/hmc/m/n/10.95 細画面 （\OT1/cmr/m/n/10.95 hen-
 []


Underfull \hbox (badness 10000) in paragraph at lines 44--44
\OT1/cmr/m/n/10.95 sachi[]detail.ejs\JY1/hmc/m/n/10.95 ）
 []


Underfull \hbox (badness 10000) in paragraph at lines 44--44
[]|\JY1/hmc/m/n/10.95 新規登録フ
 []


Underfull \hbox (badness 10000) in paragraph at lines 44--44
\JY1/hmc/m/n/10.95 ォ ーム （\OT1/cmr/m/n/10.95 hen-
 []


Underfull \hbox (badness 10000) in paragraph at lines 44--44
[]|\JY1/hmc/m/n/10.95 フ ォ ームから
 []


Underfull \hbox (badness 1253) in paragraph at lines 44--44
\JY1/hmc/m/n/10.95 デ ータを受け取
 []


Underfull \hbox (badness 2165) in paragraph at lines 44--44
\JY1/hmc/m/n/10.95 り ， 配列に追加
 []


Underfull \hbox (badness 10000) in paragraph at lines 44--44
[]|\JY1/hmc/m/n/10.95 編集フ ォ ー
 []


Underfull \hbox (badness 10000) in paragraph at lines 44--44
\JY1/hmc/m/n/10.95 ム （\OT1/cmr/m/n/10.95 hen-
 []


Underfull \hbox (badness 10000) in paragraph at lines 44--44
\OT1/cmr/m/n/10.95 sachi[]edit.ejs\JY1/hmc/m/n/10.95 ）
 []


Underfull \hbox (badness 1253) in paragraph at lines 44--44
[]|\JY1/hmc/m/n/10.95 既存デ ータを更
 []


Underfull \hbox (badness 1253) in paragraph at lines 44--44
\JY1/hmc/m/n/10.95 面へリダイレク
 []


Underfull \hbox (badness 10000) in paragraph at lines 44--44
[]|\JY1/hmc/m/n/10.95 削除確認
 []


Underfull \hbox (badness 10000) in paragraph at lines 44--44
\JY1/hmc/m/n/10.95 画面 （\OT1/cmr/m/n/10.95 hen-
 []


Underfull \hbox (badness 10000) in paragraph at lines 44--44
\OT1/cmr/m/n/10.95 sachi[]delete.ejs\JY1/hmc/m/n/10.95 ）
 []


Underfull \hbox (badness 1253) in paragraph at lines 44--44
\JY1/hmc/m/n/10.95 へリダイレクト
 []



[14]
File: fig/developer/hensachi_page.pdf Graphic file (type pdf)
<fig/developer/hensachi_page.pdf>


[15]) (./developer_jugyou.tex

[16]
 4 .


[17

]
Underfull \hbox (badness 10000) in paragraph at lines 45--45
[]|\JY1/hmc/m/n/10.95 デ ータ一覧画面
 []


Underfull \hbox (badness 10000) in paragraph at lines 45--45
\JY1/hmc/m/n/10.95 （\OT1/cmr/m/n/10.95 ju-gyou.ejs\JY1/hmc/m/n/10.95 ） を表
 []


Underfull \hbox (badness 10000) in paragraph at lines 45--45
[]|\JY1/hmc/m/n/10.95 指定 \OT1/cmr/m/n/10.95 ID \JY1/hmc/m/n/10.95 の詳
 []


Underfull \hbox (badness 10000) in paragraph at lines 45--45
\JY1/hmc/m/n/10.95 細画面 （\OT1/cmr/m/n/10.95 ju-
 []


Underfull \hbox (badness 10000) in paragraph at lines 45--45
\JY1/hmc/m/n/10.95 （\OT1/cmr/m/n/10.95 ju-gyou.html\JY1/hmc/m/n/10.95 ） へ
 []



[18]
File: fig/developer/jugyou_page.pdf Graphic file (type pdf)
<fig/developer/jugyou_page.pdf>


[19]) (./developer_kenkyu.tex

[20]
 5 .


[21

]

[22]
Underfull \hbox (badness 10000) in paragraph at lines 45--45
[]|\JY1/hmc/m/n/10.95 デ ータ一覧画面
 []


Underfull \hbox (badness 10000) in paragraph at lines 45--45
[]|\JY1/hmc/m/n/10.95 指定 \OT1/cmr/m/n/10.95 ID \JY1/hmc/m/n/10.95 の
 []


Underfull \hbox (badness 10000) in paragraph at lines 45--45
\JY1/hmc/m/n/10.95 詳細画面
 []


Overfull \hbox (5.10342pt too wide) in paragraph at lines 45--45
\JY1/hmc/m/n/10.95 （\OT1/cmr/m/n/10.95 kenkyu[]detail.ejs\JY1/hmc/m/n/10.95 ）
 []


Underfull \hbox (badness 10000) in paragraph at lines 45--45
\JY1/hmc/m/n/10.95 （\OT1/cmr/m/n/10.95 kenkyu.html\JY1/hmc/m/n/10.95 ） へ
 []


Underfull \hbox (badness 10000) in paragraph at lines 45--45
\JY1/hmc/m/n/10.95 リダイレクトす
 []


Underfull \hbox (badness 10000) in paragraph at lines 45--45
[]|\JY1/hmc/m/n/10.95 編集フ ォ ーム
 []


Underfull \hbox (badness 10000) in paragraph at lines 45--45
\JY1/hmc/m/n/10.95 （\OT1/cmr/m/n/10.95 kenkyu[]edit.ejs\JY1/hmc/m/n/10.95 ）
 []


Underfull \hbox (badness 10000) in paragraph at lines 45--45
[]|\JY1/hmc/m/n/10.95 削除確認画面
 []


Overfull \hbox (6.32008pt too wide) in paragraph at lines 45--45
\JY1/hmc/m/n/10.95 （\OT1/cmr/m/n/10.95 kenkyu[]delete.ejs\JY1/hmc/m/n/10.95 ）
 []


Underfull \hbox (badness 3364) in paragraph at lines 45--45
[]|\JY1/hmc/m/n/10.95 デ ータを \OT1/cmr/m/n/10.95 null \JY1/hmc/m/n/10.95 化
 []



[23]
File: fig/developer/kenkyu_page.pdf Graphic file (type pdf)
<fig/developer/kenkyu_page.pdf>


[24]) (./main.bbl

[25])

[26

] (./main.aux)
 ***********
pLaTeX2e <2023-02-14>+1, based on
LaTeX2e <2024-11-01> patch level 2
L3 programming layer <2025-03-26>
 ***********


LaTeX Warning: There were undefined references.

 ) 
Here is how much of TeX's memory you used:
 9117 strings out of 470271
 139725 string characters out of 5486373
 515192 words of memory out of 5000000
 35827 multiletter control sequences out of 15000+600000
 643766 words of font info for 123 fonts, out of 8000000 for 9000
 929 hyphenation exceptions out of 8191
 57i,13n,65p,525b,1025s stack positions out of 10000i,1000n,20000p,200000b,200000s

Output written on main.dvi (27 pages, 46800 bytes).
